2025-10-31 23:09:54.996 Hail: WARN: This Hail JAR was compiled for Spark 3.5.0, running with Spark 3.5.7.
  Compatibility is not guaranteed.
2025-10-31 23:09:55.001 SparkContext: INFO: Running Spark version 3.5.7
2025-10-31 23:09:55.001 SparkContext: INFO: OS info Linux, 6.16.3-76061603-generic, amd64
2025-10-31 23:09:55.001 SparkContext: INFO: Java version 17.0.16
2025-10-31 23:09:55.015 ResourceUtils: INFO: ==============================================================
2025-10-31 23:09:55.016 ResourceUtils: INFO: No custom resources configured for spark.driver.
2025-10-31 23:09:55.016 ResourceUtils: INFO: ==============================================================
2025-10-31 23:09:55.016 SparkContext: INFO: Submitted application: Hail
2025-10-31 23:09:55.018 SparkContext: INFO: Spark configuration:
spark.app.name=Hail
spark.app.startTime=1761962995000
spark.app.submitTime=1761962994871
spark.driver.extraClassPath=/home/matheus/anaconda3/envs/gnomad-toolbox/lib/python3.11/site-packages/hail/backend/hail-all-spark.jar
spark.driver.extraJavaOptions=-Djava.net.preferIPv6Addresses=false -XX:+IgnoreUnrecognizedVMOptions --add-opens=java.base/java.lang=ALL-UNNAMED --add-opens=java.base/java.lang.invoke=ALL-UNNAMED --add-opens=java.base/java.lang.reflect=ALL-UNNAMED --add-opens=java.base/java.io=ALL-UNNAMED --add-opens=java.base/java.net=ALL-UNNAMED --add-opens=java.base/java.nio=ALL-UNNAMED --add-opens=java.base/java.util=ALL-UNNAMED --add-opens=java.base/java.util.concurrent=ALL-UNNAMED --add-opens=java.base/java.util.concurrent.atomic=ALL-UNNAMED --add-opens=java.base/jdk.internal.ref=ALL-UNNAMED --add-opens=java.base/sun.nio.ch=ALL-UNNAMED --add-opens=java.base/sun.nio.cs=ALL-UNNAMED --add-opens=java.base/sun.security.action=ALL-UNNAMED --add-opens=java.base/sun.util.calendar=ALL-UNNAMED --add-opens=java.security.jgss/sun.security.krb5=ALL-UNNAMED -Djdk.reflect.useDirectMethodHandle=false
spark.driver.maxResultSize=0
spark.executor.extraClassPath=./hail-all-spark.jar
spark.executor.extraJavaOptions=-Djava.net.preferIPv6Addresses=false -XX:+IgnoreUnrecognizedVMOptions --add-opens=java.base/java.lang=ALL-UNNAMED --add-opens=java.base/java.lang.invoke=ALL-UNNAMED --add-opens=java.base/java.lang.reflect=ALL-UNNAMED --add-opens=java.base/java.io=ALL-UNNAMED --add-opens=java.base/java.net=ALL-UNNAMED --add-opens=java.base/java.nio=ALL-UNNAMED --add-opens=java.base/java.util=ALL-UNNAMED --add-opens=java.base/java.util.concurrent=ALL-UNNAMED --add-opens=java.base/java.util.concurrent.atomic=ALL-UNNAMED --add-opens=java.base/jdk.internal.ref=ALL-UNNAMED --add-opens=java.base/sun.nio.ch=ALL-UNNAMED --add-opens=java.base/sun.nio.cs=ALL-UNNAMED --add-opens=java.base/sun.security.action=ALL-UNNAMED --add-opens=java.base/sun.util.calendar=ALL-UNNAMED --add-opens=java.security.jgss/sun.security.krb5=ALL-UNNAMED -Djdk.reflect.useDirectMethodHandle=false
spark.hadoop.io.compression.codecs=org.apache.hadoop.io.compress.DefaultCodec,is.hail.io.compress.BGzipCodec,is.hail.io.compress.BGzipCodecTbi,org.apache.hadoop.io.compress.GzipCodec
spark.hadoop.mapreduce.input.fileinputformat.split.minsize=0
spark.jars=file:///home/matheus/anaconda3/envs/gnomad-toolbox/lib/python3.11/site-packages/hail/backend/hail-all-spark.jar
spark.kryo.registrator=is.hail.kryo.HailKryoRegistrator
spark.kryoserializer.buffer.max=1g
spark.logConf=true
spark.master=local[*]
spark.repl.local.jars=file:///home/matheus/anaconda3/envs/gnomad-toolbox/lib/python3.11/site-packages/hail/backend/hail-all-spark.jar
spark.serializer=org.apache.spark.serializer.KryoSerializer
spark.submit.deployMode=client
spark.submit.pyFiles=
spark.ui.showConsoleProgress=false
2025-10-31 23:09:55.029 ResourceProfile: INFO: Default ResourceProfile created, executor resources: Map(cores -> name: cores, amount: 1, script: , vendor: , memory -> name: memory, amount: 1024, script: , vendor: , offHeap -> name: offHeap, amount: 0, script: , vendor: ), task resources: Map(cpus -> name: cpus, amount: 1.0)
2025-10-31 23:09:55.034 ResourceProfile: INFO: Limiting resource is cpu
2025-10-31 23:09:55.034 ResourceProfileManager: INFO: Added ResourceProfile id: 0
2025-10-31 23:09:55.062 SecurityManager: INFO: Changing view acls to: matheus
2025-10-31 23:09:55.062 SecurityManager: INFO: Changing modify acls to: matheus
2025-10-31 23:09:55.063 SecurityManager: INFO: Changing view acls groups to: 
2025-10-31 23:09:55.063 SecurityManager: INFO: Changing modify acls groups to: 
2025-10-31 23:09:55.063 SecurityManager: INFO: SecurityManager: authentication disabled; ui acls disabled; users with view permissions: matheus; groups with view permissions: EMPTY; users with modify permissions: matheus; groups with modify permissions: EMPTY
2025-10-31 23:09:55.180 Utils: INFO: Successfully started service 'sparkDriver' on port 43405.
2025-10-31 23:09:55.195 SparkEnv: INFO: Registering MapOutputTracker
2025-10-31 23:09:55.215 SparkEnv: INFO: Registering BlockManagerMaster
2025-10-31 23:09:55.224 BlockManagerMasterEndpoint: INFO: Using org.apache.spark.storage.DefaultTopologyMapper for getting topology information
2025-10-31 23:09:55.225 BlockManagerMasterEndpoint: INFO: BlockManagerMasterEndpoint up
2025-10-31 23:09:55.227 SparkEnv: INFO: Registering BlockManagerMasterHeartbeat
2025-10-31 23:09:55.238 DiskBlockManager: INFO: Created local directory at /tmp/blockmgr-5cabb834-2342-45da-964c-6b53b4eeb66c
2025-10-31 23:09:55.245 MemoryStore: INFO: MemoryStore started with capacity 434.4 MiB
2025-10-31 23:09:55.252 SparkEnv: INFO: Registering OutputCommitCoordinator
2025-10-31 23:09:55.277 log: INFO: Logging initialized @1499ms to org.sparkproject.jetty.util.log.Slf4jLog
2025-10-31 23:09:55.318 JettyUtils: INFO: Start Jetty 0.0.0.0:4040 for SparkUI
2025-10-31 23:09:55.324 Server: INFO: jetty-9.4.58.v20250814; built: 2025-08-14T02:28:49.637Z; git: 8f1440587e9e4ae7db3d74cf205643f3d707148d; jvm 17.0.16+8-Ubuntu-0ubuntu122.04.1
2025-10-31 23:09:55.333 Server: INFO: Started @1556ms
2025-10-31 23:09:55.345 Utils: WARN: Service 'SparkUI' could not bind on port 4040. Attempting port 4041.
2025-10-31 23:09:55.349 AbstractConnector: INFO: Started ServerConnector@4bd2d52c{HTTP/1.1, (http/1.1)}{0.0.0.0:4041}
2025-10-31 23:09:55.349 Utils: INFO: Successfully started service 'SparkUI' on port 4041.
2025-10-31 23:09:55.359 ContextHandler: INFO: Started o.s.j.s.ServletContextHandler@2ce801db{/,null,AVAILABLE,@Spark}
2025-10-31 23:09:55.368 SparkContext: INFO: Added JAR file:///home/matheus/anaconda3/envs/gnomad-toolbox/lib/python3.11/site-packages/hail/backend/hail-all-spark.jar at spark://pimenta:43405/jars/hail-all-spark.jar with timestamp 1761962995000
2025-10-31 23:09:55.398 Executor: INFO: Starting executor ID driver on host pimenta
2025-10-31 23:09:55.398 Executor: INFO: OS info Linux, 6.16.3-76061603-generic, amd64
2025-10-31 23:09:55.398 Executor: INFO: Java version 17.0.16
2025-10-31 23:09:55.401 Executor: INFO: Starting executor with user classpath (userClassPathFirst = false): 'file:/home/matheus/Documents/gnomeAD-tb/./hail-all-spark.jar,file:/home/matheus/Documents/gnomeAD-tb/hail-all-spark.jar'
2025-10-31 23:09:55.402 Executor: INFO: Created or updated repl class loader org.apache.spark.util.MutableURLClassLoader@3e2bf1ea for default.
2025-10-31 23:09:55.414 Utils: INFO: Successfully started service 'org.apache.spark.network.netty.NettyBlockTransferService' on port 35887.
2025-10-31 23:09:55.414 NettyBlockTransferService: INFO: Server created on pimenta:35887
2025-10-31 23:09:55.415 BlockManager: INFO: Using org.apache.spark.storage.RandomBlockReplicationPolicy for block replication policy
2025-10-31 23:09:55.418 BlockManagerMaster: INFO: Registering BlockManager BlockManagerId(driver, pimenta, 35887, None)
2025-10-31 23:09:55.421 BlockManagerMasterEndpoint: INFO: Registering block manager pimenta:35887 with 434.4 MiB RAM, BlockManagerId(driver, pimenta, 35887, None)
2025-10-31 23:09:55.423 BlockManagerMaster: INFO: Registered BlockManager BlockManagerId(driver, pimenta, 35887, None)
2025-10-31 23:09:55.423 BlockManager: INFO: Initialized BlockManager: BlockManagerId(driver, pimenta, 35887, None)
2025-10-31 23:09:55.494 ContextHandler: INFO: Stopped o.s.j.s.ServletContextHandler@2ce801db{/,null,STOPPED,@Spark}
2025-10-31 23:09:55.495 ContextHandler: INFO: Started o.s.j.s.ServletContextHandler@455c1ef{/jobs,null,AVAILABLE,@Spark}
2025-10-31 23:09:55.495 ContextHandler: INFO: Started o.s.j.s.ServletContextHandler@5106b4da{/jobs/json,null,AVAILABLE,@Spark}
2025-10-31 23:09:55.496 ContextHandler: INFO: Started o.s.j.s.ServletContextHandler@9f7a616{/jobs/job,null,AVAILABLE,@Spark}
2025-10-31 23:09:55.496 ContextHandler: INFO: Started o.s.j.s.ServletContextHandler@242e4225{/jobs/job/json,null,AVAILABLE,@Spark}
2025-10-31 23:09:55.496 ContextHandler: INFO: Started o.s.j.s.ServletContextHandler@66e0d9e3{/stages,null,AVAILABLE,@Spark}
2025-10-31 23:09:55.497 ContextHandler: INFO: Started o.s.j.s.ServletContextHandler@565fb5c9{/stages/json,null,AVAILABLE,@Spark}
2025-10-31 23:09:55.497 ContextHandler: INFO: Started o.s.j.s.ServletContextHandler@7fbed9d1{/stages/stage,null,AVAILABLE,@Spark}
2025-10-31 23:09:55.498 ContextHandler: INFO: Started o.s.j.s.ServletContextHandler@435c41b{/stages/stage/json,null,AVAILABLE,@Spark}
2025-10-31 23:09:55.498 ContextHandler: INFO: Started o.s.j.s.ServletContextHandler@b1d312d{/stages/pool,null,AVAILABLE,@Spark}
2025-10-31 23:09:55.499 ContextHandler: INFO: Started o.s.j.s.ServletContextHandler@547c2de{/stages/pool/json,null,AVAILABLE,@Spark}
2025-10-31 23:09:55.499 ContextHandler: INFO: Started o.s.j.s.ServletContextHandler@4570701b{/storage,null,AVAILABLE,@Spark}
2025-10-31 23:09:55.499 ContextHandler: INFO: Started o.s.j.s.ServletContextHandler@177af913{/storage/json,null,AVAILABLE,@Spark}
2025-10-31 23:09:55.500 ContextHandler: INFO: Started o.s.j.s.ServletContextHandler@43942825{/storage/rdd,null,AVAILABLE,@Spark}
2025-10-31 23:09:55.500 ContextHandler: INFO: Started o.s.j.s.ServletContextHandler@2b25f245{/storage/rdd/json,null,AVAILABLE,@Spark}
2025-10-31 23:09:55.501 ContextHandler: INFO: Started o.s.j.s.ServletContextHandler@5fa76664{/environment,null,AVAILABLE,@Spark}
2025-10-31 23:09:55.501 ContextHandler: INFO: Started o.s.j.s.ServletContextHandler@973e0be{/environment/json,null,AVAILABLE,@Spark}
2025-10-31 23:09:55.502 ContextHandler: INFO: Started o.s.j.s.ServletContextHandler@558c3e52{/executors,null,AVAILABLE,@Spark}
2025-10-31 23:09:55.502 ContextHandler: INFO: Started o.s.j.s.ServletContextHandler@4ac1b914{/executors/json,null,AVAILABLE,@Spark}
2025-10-31 23:09:55.502 ContextHandler: INFO: Started o.s.j.s.ServletContextHandler@28f3cfea{/executors/threadDump,null,AVAILABLE,@Spark}
2025-10-31 23:09:55.503 ContextHandler: INFO: Started o.s.j.s.ServletContextHandler@3def71a7{/executors/threadDump/json,null,AVAILABLE,@Spark}
2025-10-31 23:09:55.503 ContextHandler: INFO: Started o.s.j.s.ServletContextHandler@5fdcb1c6{/executors/heapHistogram,null,AVAILABLE,@Spark}
2025-10-31 23:09:55.504 ContextHandler: INFO: Started o.s.j.s.ServletContextHandler@68df5cec{/executors/heapHistogram/json,null,AVAILABLE,@Spark}
2025-10-31 23:09:55.507 ContextHandler: INFO: Started o.s.j.s.ServletContextHandler@e71c9eb{/static,null,AVAILABLE,@Spark}
2025-10-31 23:09:55.508 ContextHandler: INFO: Started o.s.j.s.ServletContextHandler@7b5ecdff{/,null,AVAILABLE,@Spark}
2025-10-31 23:09:55.509 ContextHandler: INFO: Started o.s.j.s.ServletContextHandler@79705c0b{/api,null,AVAILABLE,@Spark}
2025-10-31 23:09:55.509 ContextHandler: INFO: Started o.s.j.s.ServletContextHandler@7456648d{/jobs/job/kill,null,AVAILABLE,@Spark}
2025-10-31 23:09:55.510 ContextHandler: INFO: Started o.s.j.s.ServletContextHandler@184e4be0{/stages/stage/kill,null,AVAILABLE,@Spark}
2025-10-31 23:09:55.512 ContextHandler: INFO: Started o.s.j.s.ServletContextHandler@71f33f51{/metrics/json,null,AVAILABLE,@Spark}
2025-10-31 23:09:55.516 Hail: INFO: SparkUI: http://pimenta:4041
2025-10-31 23:09:55.518 Hail: WARN: Hail is tested against Java 11, found 17.0.16
2025-10-31 23:09:55.598 Hail: INFO: Running Hail version 0.2.136-c32f88309ab0
2025-10-31 23:09:55.630 SparkContext: WARN: Using an existing SparkContext; some configuration may not take effect.
2025-10-31 23:10:00.781 SparkContext: INFO: Invoking stop() from shutdown hook
2025-10-31 23:10:00.781 SparkContext: INFO: SparkContext is stopping with exitCode 0.
2025-10-31 23:10:00.786 AbstractConnector: INFO: Stopped Spark@4bd2d52c{HTTP/1.1, (http/1.1)}{0.0.0.0:4041}
2025-10-31 23:10:00.790 SparkUI: INFO: Stopped Spark web UI at http://pimenta:4041
2025-10-31 23:10:00.801 MapOutputTrackerMasterEndpoint: INFO: MapOutputTrackerMasterEndpoint stopped!
2025-10-31 23:10:00.811 MemoryStore: INFO: MemoryStore cleared
2025-10-31 23:10:00.811 BlockManager: INFO: BlockManager stopped
2025-10-31 23:10:00.816 BlockManagerMaster: INFO: BlockManagerMaster stopped
2025-10-31 23:10:00.818 OutputCommitCoordinator$OutputCommitCoordinatorEndpoint: INFO: OutputCommitCoordinator stopped!
2025-10-31 23:10:00.825 SparkContext: INFO: Successfully stopped SparkContext
